{"/home/arch/codes/rpg-game/src/factories/ItemFactory.ts": {"path":"/home/arch/codes/rpg-game/src/factories/ItemFactory.ts","all":false,"statementMap":{"0":{"start":{"line":1,"column":0},"end":{"line":1,"column":52}},"1":{"start":{"line":2,"column":0},"end":{"line":2,"column":41}},"2":{"start":{"line":3,"column":0},"end":{"line":3,"column":0}},"3":{"start":{"line":4,"column":0},"end":{"line":4,"column":0}},"4":{"start":{"line":5,"column":0},"end":{"line":5,"column":26}},"5":{"start":{"line":6,"column":0},"end":{"line":6,"column":39}},"6":{"start":{"line":7,"column":0},"end":{"line":7,"column":21}},"7":{"start":{"line":8,"column":0},"end":{"line":8,"column":17}},"8":{"start":{"line":9,"column":0},"end":{"line":9,"column":28}},"9":{"start":{"line":10,"column":0},"end":{"line":10,"column":21}},"10":{"start":{"line":11,"column":0},"end":{"line":11,"column":32}},"11":{"start":{"line":12,"column":0},"end":{"line":12,"column":3}},"12":{"start":{"line":13,"column":0},"end":{"line":13,"column":2}},"13":{"start":{"line":14,"column":0},"end":{"line":14,"column":1}}},"s":{"0":1,"1":1,"2":1,"3":1,"4":1,"5":1,"6":8,"7":8,"8":3,"9":8,"10":5,"11":8,"12":8,"13":1},"branchMap":{"0":{"type":"branch","line":6,"loc":{"start":{"line":6,"column":15},"end":{"line":13,"column":2}},"locations":[{"start":{"line":6,"column":15},"end":{"line":13,"column":2}}]},"1":{"type":"branch","line":8,"loc":{"start":{"line":8,"column":3},"end":{"line":9,"column":28}},"locations":[{"start":{"line":8,"column":3},"end":{"line":9,"column":28}}]},"2":{"type":"branch","line":10,"loc":{"start":{"line":10,"column":3},"end":{"line":11,"column":32}},"locations":[{"start":{"line":10,"column":3},"end":{"line":11,"column":32}}]}},"b":{"0":[8],"1":[3],"2":[5]},"fnMap":{"0":{"name":"create","decl":{"start":{"line":6,"column":15},"end":{"line":13,"column":2}},"loc":{"start":{"line":6,"column":15},"end":{"line":13,"column":2}},"line":6}},"f":{"0":8}}
,"/home/arch/codes/rpg-game/src/models/Entity.ts": {"path":"/home/arch/codes/rpg-game/src/models/Entity.ts","all":false,"statementMap":{"0":{"start":{"line":1,"column":0},"end":{"line":1,"column":40}},"1":{"start":{"line":2,"column":0},"end":{"line":2,"column":41}},"2":{"start":{"line":3,"column":0},"end":{"line":3,"column":0}},"3":{"start":{"line":4,"column":0},"end":{"line":4,"column":29}},"4":{"start":{"line":5,"column":0},"end":{"line":5,"column":23}},"5":{"start":{"line":6,"column":0},"end":{"line":6,"column":33}},"6":{"start":{"line":7,"column":0},"end":{"line":7,"column":22}},"7":{"start":{"line":8,"column":0},"end":{"line":8,"column":32}},"8":{"start":{"line":9,"column":0},"end":{"line":9,"column":21}},"9":{"start":{"line":10,"column":0},"end":{"line":10,"column":21}},"10":{"start":{"line":11,"column":0},"end":{"line":11,"column":0}},"11":{"start":{"line":12,"column":0},"end":{"line":12,"column":51}},"12":{"start":{"line":13,"column":0},"end":{"line":13,"column":20}},"13":{"start":{"line":14,"column":0},"end":{"line":14,"column":40}},"14":{"start":{"line":15,"column":0},"end":{"line":15,"column":16}},"15":{"start":{"line":16,"column":0},"end":{"line":16,"column":23}},"16":{"start":{"line":17,"column":0},"end":{"line":17,"column":17}},"17":{"start":{"line":18,"column":0},"end":{"line":18,"column":16}},"18":{"start":{"line":19,"column":0},"end":{"line":19,"column":2}},"19":{"start":{"line":20,"column":0},"end":{"line":20,"column":0}},"20":{"start":{"line":21,"column":0},"end":{"line":21,"column":30}},"21":{"start":{"line":22,"column":0},"end":{"line":22,"column":22}},"22":{"start":{"line":23,"column":0},"end":{"line":23,"column":2}},"23":{"start":{"line":24,"column":0},"end":{"line":24,"column":0}},"24":{"start":{"line":25,"column":0},"end":{"line":25,"column":33}},"25":{"start":{"line":26,"column":0},"end":{"line":26,"column":22}},"26":{"start":{"line":27,"column":0},"end":{"line":27,"column":2}},"27":{"start":{"line":28,"column":0},"end":{"line":28,"column":0}},"28":{"start":{"line":29,"column":0},"end":{"line":29,"column":31}},"29":{"start":{"line":30,"column":0},"end":{"line":30,"column":22}},"30":{"start":{"line":31,"column":0},"end":{"line":31,"column":2}},"31":{"start":{"line":32,"column":0},"end":{"line":32,"column":0}},"32":{"start":{"line":33,"column":0},"end":{"line":33,"column":27}},"33":{"start":{"line":34,"column":0},"end":{"line":34,"column":22}},"34":{"start":{"line":35,"column":0},"end":{"line":35,"column":2}},"35":{"start":{"line":36,"column":0},"end":{"line":36,"column":0}},"36":{"start":{"line":37,"column":0},"end":{"line":37,"column":27}},"37":{"start":{"line":38,"column":0},"end":{"line":38,"column":23}},"38":{"start":{"line":39,"column":0},"end":{"line":39,"column":2}},"39":{"start":{"line":40,"column":0},"end":{"line":40,"column":0}},"40":{"start":{"line":41,"column":0},"end":{"line":41,"column":26}},"41":{"start":{"line":42,"column":0},"end":{"line":42,"column":18}},"42":{"start":{"line":43,"column":0},"end":{"line":43,"column":2}},"43":{"start":{"line":44,"column":0},"end":{"line":44,"column":0}},"44":{"start":{"line":45,"column":0},"end":{"line":45,"column":1}},"45":{"start":{"line":46,"column":0},"end":{"line":46,"column":28}},"46":{"start":{"line":47,"column":0},"end":{"line":47,"column":18}},"47":{"start":{"line":48,"column":0},"end":{"line":48,"column":2}},"48":{"start":{"line":49,"column":0},"end":{"line":49,"column":0}},"49":{"start":{"line":50,"column":0},"end":{"line":50,"column":1}},"50":{"start":{"line":51,"column":0},"end":{"line":51,"column":27}},"51":{"start":{"line":52,"column":0},"end":{"line":52,"column":17}},"52":{"start":{"line":53,"column":0},"end":{"line":53,"column":2}},"53":{"start":{"line":54,"column":0},"end":{"line":54,"column":1}},"54":{"start":{"line":55,"column":0},"end":{"line":55,"column":1}}},"s":{"0":1,"1":1,"2":1,"3":1,"4":1,"5":1,"6":1,"7":1,"8":1,"9":1,"10":1,"11":1,"12":3,"13":3,"14":3,"15":3,"16":3,"17":3,"18":3,"19":1,"20":1,"21":2,"22":2,"23":1,"24":1,"25":2,"26":2,"27":1,"28":1,"29":2,"30":2,"31":1,"32":1,"33":1,"34":1,"35":1,"36":1,"37":1,"38":1,"39":1,"40":1,"41":4,"42":4,"43":1,"44":1,"45":1,"46":1,"47":1,"48":1,"49":1,"50":1,"51":3,"52":3,"53":1,"54":1},"branchMap":{"0":{"type":"branch","line":12,"loc":{"start":{"line":12,"column":1},"end":{"line":19,"column":2}},"locations":[{"start":{"line":12,"column":1},"end":{"line":19,"column":2}}]},"1":{"type":"branch","line":21,"loc":{"start":{"line":21,"column":1},"end":{"line":23,"column":2}},"locations":[{"start":{"line":21,"column":1},"end":{"line":23,"column":2}}]},"2":{"type":"branch","line":25,"loc":{"start":{"line":25,"column":1},"end":{"line":27,"column":2}},"locations":[{"start":{"line":25,"column":1},"end":{"line":27,"column":2}}]},"3":{"type":"branch","line":29,"loc":{"start":{"line":29,"column":1},"end":{"line":31,"column":2}},"locations":[{"start":{"line":29,"column":1},"end":{"line":31,"column":2}}]},"4":{"type":"branch","line":33,"loc":{"start":{"line":33,"column":1},"end":{"line":35,"column":2}},"locations":[{"start":{"line":33,"column":1},"end":{"line":35,"column":2}}]},"5":{"type":"branch","line":37,"loc":{"start":{"line":37,"column":1},"end":{"line":39,"column":2}},"locations":[{"start":{"line":37,"column":1},"end":{"line":39,"column":2}}]},"6":{"type":"branch","line":41,"loc":{"start":{"line":41,"column":1},"end":{"line":43,"column":2}},"locations":[{"start":{"line":41,"column":1},"end":{"line":43,"column":2}}]},"7":{"type":"branch","line":46,"loc":{"start":{"line":46,"column":1},"end":{"line":48,"column":2}},"locations":[{"start":{"line":46,"column":1},"end":{"line":48,"column":2}}]},"8":{"type":"branch","line":51,"loc":{"start":{"line":51,"column":1},"end":{"line":53,"column":2}},"locations":[{"start":{"line":51,"column":1},"end":{"line":53,"column":2}}]}},"b":{"0":[3],"1":[2],"2":[2],"3":[2],"4":[1],"5":[1],"6":[4],"7":[1],"8":[3]},"fnMap":{"0":{"name":"Entity","decl":{"start":{"line":12,"column":1},"end":{"line":19,"column":2}},"loc":{"start":{"line":12,"column":1},"end":{"line":19,"column":2}},"line":12},"1":{"name":"takeDamage","decl":{"start":{"line":21,"column":1},"end":{"line":23,"column":2}},"loc":{"start":{"line":21,"column":1},"end":{"line":23,"column":2}},"line":21},"2":{"name":"recoverHealth","decl":{"start":{"line":25,"column":1},"end":{"line":27,"column":2}},"loc":{"start":{"line":25,"column":1},"end":{"line":27,"column":2}},"line":25},"3":{"name":"recoverMana","decl":{"start":{"line":29,"column":1},"end":{"line":31,"column":2}},"loc":{"start":{"line":29,"column":1},"end":{"line":31,"column":2}},"line":29},"4":{"name":"useMana","decl":{"start":{"line":33,"column":1},"end":{"line":35,"column":2}},"loc":{"start":{"line":33,"column":1},"end":{"line":35,"column":2}},"line":33},"5":{"name":"gainExp","decl":{"start":{"line":37,"column":1},"end":{"line":39,"column":2}},"loc":{"start":{"line":37,"column":1},"end":{"line":39,"column":2}},"line":37},"6":{"name":"get hp","decl":{"start":{"line":41,"column":1},"end":{"line":43,"column":2}},"loc":{"start":{"line":41,"column":1},"end":{"line":43,"column":2}},"line":41},"7":{"name":"get exp","decl":{"start":{"line":46,"column":1},"end":{"line":48,"column":2}},"loc":{"start":{"line":46,"column":1},"end":{"line":48,"column":2}},"line":46},"8":{"name":"get mp","decl":{"start":{"line":51,"column":1},"end":{"line":53,"column":2}},"loc":{"start":{"line":51,"column":1},"end":{"line":53,"column":2}},"line":51}},"f":{"0":3,"1":2,"2":2,"3":2,"4":1,"5":1,"6":4,"7":1,"8":3}}
,"/home/arch/codes/rpg-game/src/models/Item.ts": {"path":"/home/arch/codes/rpg-game/src/models/Item.ts","all":false,"statementMap":{"0":{"start":{"line":1,"column":0},"end":{"line":1,"column":73}},"1":{"start":{"line":2,"column":0},"end":{"line":2,"column":30}},"2":{"start":{"line":3,"column":0},"end":{"line":3,"column":0}},"3":{"start":{"line":4,"column":0},"end":{"line":4,"column":52}},"4":{"start":{"line":5,"column":0},"end":{"line":5,"column":34}},"5":{"start":{"line":6,"column":0},"end":{"line":6,"column":0}},"6":{"start":{"line":7,"column":0},"end":{"line":7,"column":51}},"7":{"start":{"line":8,"column":0},"end":{"line":8,"column":1}},"8":{"start":{"line":9,"column":0},"end":{"line":9,"column":0}},"9":{"start":{"line":10,"column":0},"end":{"line":10,"column":46}},"10":{"start":{"line":11,"column":0},"end":{"line":11,"column":32}},"11":{"start":{"line":12,"column":0},"end":{"line":12,"column":14}},"12":{"start":{"line":13,"column":0},"end":{"line":13,"column":2}},"13":{"start":{"line":14,"column":0},"end":{"line":14,"column":0}},"14":{"start":{"line":15,"column":0},"end":{"line":15,"column":28}},"15":{"start":{"line":16,"column":0},"end":{"line":16,"column":38}},"16":{"start":{"line":17,"column":0},"end":{"line":17,"column":2}},"17":{"start":{"line":18,"column":0},"end":{"line":18,"column":1}},"18":{"start":{"line":19,"column":0},"end":{"line":19,"column":0}},"19":{"start":{"line":20,"column":0},"end":{"line":20,"column":54}},"20":{"start":{"line":21,"column":0},"end":{"line":21,"column":36}},"21":{"start":{"line":22,"column":0},"end":{"line":22,"column":13}},"22":{"start":{"line":23,"column":0},"end":{"line":23,"column":2}},"23":{"start":{"line":24,"column":0},"end":{"line":24,"column":0}},"24":{"start":{"line":25,"column":0},"end":{"line":25,"column":26}},"25":{"start":{"line":26,"column":0},"end":{"line":26,"column":20}},"26":{"start":{"line":27,"column":0},"end":{"line":27,"column":34}},"27":{"start":{"line":28,"column":0},"end":{"line":28,"column":3}},"28":{"start":{"line":29,"column":0},"end":{"line":29,"column":20}},"29":{"start":{"line":30,"column":0},"end":{"line":30,"column":36}},"30":{"start":{"line":31,"column":0},"end":{"line":31,"column":3}},"31":{"start":{"line":32,"column":0},"end":{"line":32,"column":2}},"32":{"start":{"line":33,"column":0},"end":{"line":33,"column":1}}},"s":{"0":1,"1":1,"2":1,"3":1,"4":1,"5":1,"6":1,"7":1,"8":1,"9":1,"10":1,"11":3,"12":3,"13":1,"14":1,"15":1,"16":1,"17":1,"18":1,"19":1,"20":1,"21":5,"22":5,"23":1,"24":1,"25":2,"26":1,"27":1,"28":2,"29":1,"30":1,"31":2,"32":1},"branchMap":{"0":{"type":"branch","line":5,"loc":{"start":{"line":5,"column":1},"end":{"line":5,"column":34}},"locations":[{"start":{"line":5,"column":1},"end":{"line":5,"column":34}}]},"1":{"type":"branch","line":11,"loc":{"start":{"line":11,"column":1},"end":{"line":13,"column":2}},"locations":[{"start":{"line":11,"column":1},"end":{"line":13,"column":2}}]},"2":{"type":"branch","line":15,"loc":{"start":{"line":15,"column":1},"end":{"line":17,"column":2}},"locations":[{"start":{"line":15,"column":1},"end":{"line":17,"column":2}}]},"3":{"type":"branch","line":21,"loc":{"start":{"line":21,"column":1},"end":{"line":23,"column":2}},"locations":[{"start":{"line":21,"column":1},"end":{"line":23,"column":2}}]},"4":{"type":"branch","line":25,"loc":{"start":{"line":25,"column":1},"end":{"line":32,"column":2}},"locations":[{"start":{"line":25,"column":1},"end":{"line":32,"column":2}}]},"5":{"type":"branch","line":26,"loc":{"start":{"line":26,"column":19},"end":{"line":28,"column":3}},"locations":[{"start":{"line":26,"column":19},"end":{"line":28,"column":3}}]},"6":{"type":"branch","line":29,"loc":{"start":{"line":29,"column":19},"end":{"line":31,"column":3}},"locations":[{"start":{"line":29,"column":19},"end":{"line":31,"column":3}}]}},"b":{"0":[8],"1":[3],"2":[1],"3":[5],"4":[2],"5":[1],"6":[1]},"fnMap":{"0":{"name":"Item","decl":{"start":{"line":5,"column":1},"end":{"line":5,"column":34}},"loc":{"start":{"line":5,"column":1},"end":{"line":5,"column":34}},"line":5},"1":{"name":"Weapon","decl":{"start":{"line":11,"column":1},"end":{"line":13,"column":2}},"loc":{"start":{"line":11,"column":1},"end":{"line":13,"column":2}},"line":11},"2":{"name":"use","decl":{"start":{"line":15,"column":1},"end":{"line":17,"column":2}},"loc":{"start":{"line":15,"column":1},"end":{"line":17,"column":2}},"line":15},"3":{"name":"Consumable","decl":{"start":{"line":21,"column":1},"end":{"line":23,"column":2}},"loc":{"start":{"line":21,"column":1},"end":{"line":23,"column":2}},"line":21},"4":{"name":"use","decl":{"start":{"line":25,"column":1},"end":{"line":32,"column":2}},"loc":{"start":{"line":25,"column":1},"end":{"line":32,"column":2}},"line":25}},"f":{"0":8,"1":3,"2":1,"3":5,"4":2}}
,"/home/arch/codes/rpg-game/src/services/ItemService.ts": {"path":"/home/arch/codes/rpg-game/src/services/ItemService.ts","all":false,"statementMap":{"0":{"start":{"line":1,"column":0},"end":{"line":1,"column":34}},"1":{"start":{"line":2,"column":0},"end":{"line":2,"column":24}},"2":{"start":{"line":3,"column":0},"end":{"line":3,"column":38}},"3":{"start":{"line":4,"column":0},"end":{"line":4,"column":55}},"4":{"start":{"line":5,"column":0},"end":{"line":5,"column":55}},"5":{"start":{"line":6,"column":0},"end":{"line":6,"column":0}},"6":{"start":{"line":7,"column":0},"end":{"line":7,"column":34}},"7":{"start":{"line":8,"column":0},"end":{"line":8,"column":57}},"8":{"start":{"line":9,"column":0},"end":{"line":9,"column":0}},"9":{"start":{"line":10,"column":0},"end":{"line":10,"column":16}},"10":{"start":{"line":11,"column":0},"end":{"line":11,"column":65}},"11":{"start":{"line":12,"column":0},"end":{"line":12,"column":70}},"12":{"start":{"line":13,"column":0},"end":{"line":13,"column":23}},"13":{"start":{"line":14,"column":0},"end":{"line":14,"column":64}},"14":{"start":{"line":15,"column":0},"end":{"line":15,"column":5}},"15":{"start":{"line":16,"column":0},"end":{"line":16,"column":2}},"16":{"start":{"line":17,"column":0},"end":{"line":17,"column":0}},"17":{"start":{"line":18,"column":0},"end":{"line":18,"column":54}},"18":{"start":{"line":19,"column":0},"end":{"line":19,"column":28}},"19":{"start":{"line":20,"column":0},"end":{"line":20,"column":2}},"20":{"start":{"line":21,"column":0},"end":{"line":21,"column":0}},"21":{"start":{"line":22,"column":0},"end":{"line":22,"column":34}},"22":{"start":{"line":23,"column":0},"end":{"line":23,"column":35}},"23":{"start":{"line":24,"column":0},"end":{"line":24,"column":2}},"24":{"start":{"line":25,"column":0},"end":{"line":25,"column":0}},"25":{"start":{"line":26,"column":0},"end":{"line":26,"column":1}}},"s":{"0":1,"1":1,"2":1,"3":1,"4":1,"5":1,"6":1,"7":1,"8":1,"9":1,"10":2,"11":2,"12":2,"13":6,"14":2,"15":2,"16":1,"17":1,"18":4,"19":4,"20":1,"21":1,"22":2,"23":2,"24":1,"25":1},"branchMap":{"0":{"type":"branch","line":10,"loc":{"start":{"line":10,"column":1},"end":{"line":16,"column":2}},"locations":[{"start":{"line":10,"column":1},"end":{"line":16,"column":2}}]},"1":{"type":"branch","line":13,"loc":{"start":{"line":13,"column":14},"end":{"line":15,"column":3}},"locations":[{"start":{"line":13,"column":14},"end":{"line":15,"column":3}}]},"2":{"type":"branch","line":18,"loc":{"start":{"line":18,"column":1},"end":{"line":20,"column":2}},"locations":[{"start":{"line":18,"column":1},"end":{"line":20,"column":2}}]},"3":{"type":"branch","line":22,"loc":{"start":{"line":22,"column":1},"end":{"line":24,"column":2}},"locations":[{"start":{"line":22,"column":1},"end":{"line":24,"column":2}}]}},"b":{"0":[2],"1":[6],"2":[4],"3":[2]},"fnMap":{"0":{"name":"ItemService","decl":{"start":{"line":10,"column":1},"end":{"line":16,"column":2}},"loc":{"start":{"line":10,"column":1},"end":{"line":16,"column":2}},"line":10},"1":{"name":"getItemById","decl":{"start":{"line":18,"column":1},"end":{"line":20,"column":2}},"loc":{"start":{"line":18,"column":1},"end":{"line":20,"column":2}},"line":18},"2":{"name":"getAllItems","decl":{"start":{"line":22,"column":1},"end":{"line":24,"column":2}},"loc":{"start":{"line":22,"column":1},"end":{"line":24,"column":2}},"line":22}},"f":{"0":2,"1":4,"2":2}}
}
