TN:
SF:src/models/Entity.ts
FN:14,Entity
FN:23,takeItem
FN:30,removeItem
FN:34,takeDamage
FN:38,recoverHealth
FN:42,recoverMana
FN:46,useMana
FN:50,gainExp
FN:54,get hp
FN:59,get exp
FN:64,get mp
FN:69,get inventory
FNF:12
FNH:12
FNDA:4,Entity
FNDA:1,takeItem
FNDA:1,removeItem
FNDA:2,takeDamage
FNDA:2,recoverHealth
FNDA:2,recoverMana
FNDA:1,useMana
FNDA:1,gainExp
FNDA:4,get hp
FNDA:1,get exp
FNDA:3,get mp
FNDA:4,get inventory
DA:1,1
DA:2,1
DA:3,1
DA:4,1
DA:5,1
DA:6,1
DA:7,1
DA:8,1
DA:9,1
DA:10,1
DA:11,1
DA:12,1
DA:13,1
DA:14,1
DA:15,4
DA:16,4
DA:17,4
DA:18,4
DA:19,4
DA:20,4
DA:21,4
DA:22,1
DA:23,1
DA:24,1
DA:25,1
DA:26,1
DA:27,1
DA:28,1
DA:29,1
DA:30,1
DA:31,1
DA:32,1
DA:33,1
DA:34,1
DA:35,2
DA:36,2
DA:37,1
DA:38,1
DA:39,2
DA:40,2
DA:41,1
DA:42,1
DA:43,2
DA:44,2
DA:45,1
DA:46,1
DA:47,1
DA:48,1
DA:49,1
DA:50,1
DA:51,1
DA:52,1
DA:53,1
DA:54,1
DA:55,4
DA:56,4
DA:57,1
DA:58,1
DA:59,1
DA:60,1
DA:61,1
DA:62,1
DA:63,1
DA:64,1
DA:65,3
DA:66,3
DA:67,1
DA:68,1
DA:69,1
DA:70,4
DA:71,4
DA:72,1
DA:73,1
DA:74,1
LF:74
LH:74
BRDA:14,0,0,4
BRDA:23,1,0,1
BRDA:30,2,0,1
BRDA:31,3,0,1
BRDA:34,4,0,2
BRDA:38,5,0,2
BRDA:42,6,0,2
BRDA:46,7,0,1
BRDA:50,8,0,1
BRDA:54,9,0,4
BRDA:59,10,0,1
BRDA:64,11,0,3
BRDA:69,12,0,4
BRF:13
BRH:13
end_of_record
TN:
SF:src/models/Item.ts
FN:5,Item
FN:10,get id
FN:17,Weapon
FN:21,use
FN:27,Consumable
FN:31,use
FNF:6
FNH:6
FNDA:38,Item
FNDA:2,get id
FNDA:22,Weapon
FNDA:1,use
FNDA:16,Consumable
FNDA:2,use
DA:1,1
DA:2,1
DA:3,1
DA:4,1
DA:5,1
DA:6,1
DA:7,1
DA:8,1
DA:9,1
DA:10,1
DA:11,2
DA:12,2
DA:13,1
DA:14,1
DA:15,1
DA:16,1
DA:17,1
DA:18,22
DA:19,22
DA:20,1
DA:21,1
DA:22,1
DA:23,1
DA:24,1
DA:25,1
DA:26,1
DA:27,1
DA:28,16
DA:29,16
DA:30,1
DA:31,1
DA:32,2
DA:33,1
DA:34,1
DA:35,2
DA:36,1
DA:37,1
DA:38,2
DA:39,1
LF:39
LH:39
BRDA:5,0,0,38
BRDA:10,1,0,2
BRDA:17,2,0,22
BRDA:21,3,0,1
BRDA:27,4,0,16
BRDA:31,5,0,2
BRDA:32,6,0,1
BRDA:35,7,0,1
BRF:8
BRH:8
end_of_record
