TN:
SF:src/factories/ItemFactory.ts
FN:6,create
FNF:1
FNH:1
FNDA:8,create
DA:1,1
DA:2,1
DA:3,1
DA:4,1
DA:5,1
DA:6,1
DA:7,8
DA:8,8
DA:9,3
DA:10,8
DA:11,5
DA:12,8
DA:13,8
DA:14,1
LF:14
LH:14
BRDA:6,0,0,8
BRDA:8,1,0,3
BRDA:10,2,0,5
BRF:3
BRH:3
end_of_record
TN:
SF:src/models/Entity.ts
FN:12,Entity
FN:21,takeDamage
FN:25,recoverHealth
FN:29,recoverMana
FN:33,useMana
FN:37,gainExp
FN:41,get hp
FN:46,get exp
FN:51,get mp
FNF:9
FNH:9
FNDA:3,Entity
FNDA:2,takeDamage
FNDA:2,recoverHealth
FNDA:2,recoverMana
FNDA:1,useMana
FNDA:1,gainExp
FNDA:4,get hp
FNDA:1,get exp
FNDA:3,get mp
DA:1,1
DA:2,1
DA:3,1
DA:4,1
DA:5,1
DA:6,1
DA:7,1
DA:8,1
DA:9,1
DA:10,1
DA:11,1
DA:12,1
DA:13,3
DA:14,3
DA:15,3
DA:16,3
DA:17,3
DA:18,3
DA:19,3
DA:20,1
DA:21,1
DA:22,2
DA:23,2
DA:24,1
DA:25,1
DA:26,2
DA:27,2
DA:28,1
DA:29,1
DA:30,2
DA:31,2
DA:32,1
DA:33,1
DA:34,1
DA:35,1
DA:36,1
DA:37,1
DA:38,1
DA:39,1
DA:40,1
DA:41,1
DA:42,4
DA:43,4
DA:44,1
DA:45,1
DA:46,1
DA:47,1
DA:48,1
DA:49,1
DA:50,1
DA:51,1
DA:52,3
DA:53,3
DA:54,1
DA:55,1
LF:55
LH:55
BRDA:12,0,0,3
BRDA:21,1,0,2
BRDA:25,2,0,2
BRDA:29,3,0,2
BRDA:33,4,0,1
BRDA:37,5,0,1
BRDA:41,6,0,4
BRDA:46,7,0,1
BRDA:51,8,0,3
BRF:9
BRH:9
end_of_record
TN:
SF:src/models/Item.ts
FN:5,Item
FN:11,Weapon
FN:15,use
FN:21,Consumable
FN:25,use
FNF:5
FNH:5
FNDA:8,Item
FNDA:3,Weapon
FNDA:1,use
FNDA:5,Consumable
FNDA:2,use
DA:1,1
DA:2,1
DA:3,1
DA:4,1
DA:5,1
DA:6,1
DA:7,1
DA:8,1
DA:9,1
DA:10,1
DA:11,1
DA:12,3
DA:13,3
DA:14,1
DA:15,1
DA:16,1
DA:17,1
DA:18,1
DA:19,1
DA:20,1
DA:21,1
DA:22,5
DA:23,5
DA:24,1
DA:25,1
DA:26,2
DA:27,1
DA:28,1
DA:29,2
DA:30,1
DA:31,1
DA:32,2
DA:33,1
LF:33
LH:33
BRDA:5,0,0,8
BRDA:11,1,0,3
BRDA:15,2,0,1
BRDA:21,3,0,5
BRDA:25,4,0,2
BRDA:26,5,0,1
BRDA:29,6,0,1
BRF:7
BRH:7
end_of_record
TN:
SF:src/services/ItemService.ts
FN:10,ItemService
FN:18,getItemById
FN:22,getAllItems
FNF:3
FNH:3
FNDA:2,ItemService
FNDA:4,getItemById
FNDA:2,getAllItems
DA:1,1
DA:2,1
DA:3,1
DA:4,1
DA:5,1
DA:6,1
DA:7,1
DA:8,1
DA:9,1
DA:10,1
DA:11,2
DA:12,2
DA:13,2
DA:14,6
DA:15,2
DA:16,2
DA:17,1
DA:18,1
DA:19,4
DA:20,4
DA:21,1
DA:22,1
DA:23,2
DA:24,2
DA:25,1
DA:26,1
LF:26
LH:26
BRDA:10,0,0,2
BRDA:13,1,0,6
BRDA:18,2,0,4
BRDA:22,3,0,2
BRF:4
BRH:4
end_of_record
